-------------------------------------------------------------------------------
Test set: model.BillTest
-------------------------------------------------------------------------------
Tests run: 1, Failures: 1, Errors: 0, Skipped: 0, Time elapsed: 0.058 s <<< FAILURE! - in model.BillTest
testSetMonth  Time elapsed: 0.038 s  <<< FAILURE!
org.opentest4j.AssertionFailedError: expected: <9> but was: <8>
	at model.BillTest.testSetMonth(BillTest.java:198)

