<?xml version="1.0" encoding="UTF-8"?>
<testsuite xmlns:xsi="http://www.w3.org/2001/XMLSchema-instance" xsi:noNamespaceSchemaLocation="https://maven.apache.org/surefire/maven-surefire-plugin/xsd/surefire-test-report.xsd" name="model.BillTest" time="0.058" tests="1" errors="0" skipped="0" failures="1">
  <properties>
[...]
</properties>
  <testcase name="testSetMonth" classname="model.BillTest" time="0.038">
    <failure message="expected: &lt;9&gt; but was: &lt;8&gt;" type="org.opentest4j.AssertionFailedError"><![CDATA[org.opentest4j.AssertionFailedError: expected: <9> but was: <8>
	at model.BillTest.testSetMonth(BillTest.java:198)
]]></failure>
    <system-out><![CDATA[setMonth
]]></system-out>
  </testcase>
</testsuite>